# JRE version: Java(TM) SE Runtime Environment (7.0_80-b15) (build 1.7.0_80-b15)
# Java VM: Java HotSpot(TM) 64-Bit Server VM (24.80-b11 mixed mode bsd-amd64 compressed oops)
Heap
 PSYoungGen      total 64000K, used 12633K [0x00000007aaa80000, 0x00000007b0280000, 0x0000000800000000)
  eden space 54272K, 6% used [0x00000007aaa80000,0x00000007aadd0d00,0x00000007adf80000)
  from space 9728K, 94% used [0x00000007ae080000,0x00000007ae985820,0x00000007aea00000)
  to   space 17920K, 0% used [0x00000007af100000,0x00000007af100000,0x00000007b0280000)
 ParOldGen       total 174592K, used 41290K [0x0000000700000000, 0x000000070aa80000, 0x00000007aaa80000)
  object space 174592K, 23% used [0x0000000700000000,0x00000007028529c8,0x000000070aa80000)
 PSPermGen       total 21504K, used 16286K [0x00000006fae00000, 0x00000006fc300000, 0x0000000700000000)
  object space 21504K, 75% used [0x00000006fae00000,0x00000006fbde7a00,0x00000006fc300000)
GC Heap History (10 events):
Event: 12661.267 GC heap before
{Heap before GC invocations=9 (full 0):
 PSYoungGen      total 76288K, used 64998K [0x00000007aaa80000, 0x00000007b0580000, 0x0000000800000000)
  eden space 60416K, 100% used [0x00000007aaa80000,0x00000007ae580000,0x00000007ae580000)
  from space 15872K, 28% used [0x00000007af600000,0x00000007afa799d0,0x00000007b0580000)
  to   space 16384K, 0% used [0x00000007ae580000,0x00000007ae580000,0x00000007af580000)
 ParOldGen       total 174592K, used 13130K [0x0000000700000000, 0x000000070aa80000, 0x00000007aaa80000)
  object space 174592K, 7% used [0x0000000700000000,0x0000000700cd2bf8,0x000000070aa80000)
 PSPermGen       total 21504K, used 16230K [0x00000006fae00000, 0x00000006fc300000, 0x0000000700000000)
  object space 21504K, 75% used [0x00000006fae00000,0x00000006fbdd9978,0x00000006fc300000)
Event: 12661.272 GC heap after
Heap after GC invocations=9 (full 0):
 PSYoungGen      total 62464K, used 2958K [0x00000007aaa80000, 0x00000007b0580000, 0x0000000800000000)
  eden space 59392K, 0% used [0x00000007aaa80000,0x00000007aaa80000,0x00000007ae480000)
  from space 3072K, 96% used [0x00000007ae580000,0x00000007ae863a40,0x00000007ae880000)
  to   space 16896K, 0% used [0x00000007af500000,0x00000007af500000,0x00000007b0580000)
 ParOldGen       total 174592K, used 17878K [0x0000000700000000, 0x000000070aa80000, 0x00000007aaa80000)
  object space 174592K, 10% used [0x0000000700000000,0x0000000701175a28,0x000000070aa80000)
 PSPermGen       total 21504K, used 16230K [0x00000006fae00000, 0x00000006fc300000, 0x0000000700000000)
  object space 21504K, 75% used [0x00000006fae00000,0x00000006fbdd9978,0x00000006fc300000)
}
Event: 13174.533 GC heap before
{Heap before GC invocations=10 (full 0):
 PSYoungGen      total 62464K, used 62350K [0x00000007aaa80000, 0x00000007b0580000, 0x0000000800000000)
  eden space 59392K, 100% used [0x00000007aaa80000,0x00000007ae480000,0x00000007ae480000)
  from space 3072K, 96% used [0x00000007ae580000,0x00000007ae863a40,0x00000007ae880000)
  to   space 16896K, 0% used [0x00000007af500000,0x00000007af500000,0x00000007b0580000)
 ParOldGen       total 174592K, used 17878K [0x0000000700000000, 0x000000070aa80000, 0x00000007aaa80000)
  object space 174592K, 10% used [0x0000000700000000,0x0000000701175a28,0x000000070aa80000)
 PSPermGen       total 21504K, used 16264K [0x00000006fae00000, 0x00000006fc300000, 0x0000000700000000)
  object space 21504K, 75% used [0x00000006fae00000,0x00000006fbde2170,0x00000006fc300000)
Event: 13174.535 GC heap after
Heap after GC invocations=10 (full 0):
 PSYoungGen      total 73216K, used 6741K [0x00000007aaa80000, 0x00000007b0380000, 0x0000000800000000)
  eden space 58368K, 0% used [0x00000007aaa80000,0x00000007aaa80000,0x00000007ae380000)
  from space 14848K, 45% used [0x00000007af500000,0x00000007afb957b0,0x00000007b0380000)
  to   space 16384K, 0% used [0x00000007ae380000,0x00000007ae380000,0x00000007af380000)
 ParOldGen       total 174592K, used 18370K [0x0000000700000000, 0x000000070aa80000, 0x00000007aaa80000)
  object space 174592K, 10% used [0x0000000700000000,0x00000007011f09e8,0x000000070aa80000)
 PSPermGen       total 21504K, used 16264K [0x00000006fae00000, 0x00000006fc300000, 0x0000000700000000)
  object space 21504K, 75% used [0x00000006fae00000,0x00000006fbde2170,0x00000006fc300000)
}
Event: 14153.056 GC heap before
{Heap before GC invocations=11 (full 0):
 PSYoungGen      total 73216K, used 65109K [0x00000007aaa80000, 0x00000007b0380000, 0x0000000800000000)
  eden space 58368K, 100% used [0x00000007aaa80000,0x00000007ae380000,0x00000007ae380000)
  from space 14848K, 45% used [0x00000007af500000,0x00000007afb957b0,0x00000007b0380000)
  to   space 16384K, 0% used [0x00000007ae380000,0x00000007ae380000,0x00000007af380000)
 ParOldGen       total 174592K, used 18370K [0x0000000700000000, 0x000000070aa80000, 0x00000007aaa80000)
  object space 174592K, 10% used [0x0000000700000000,0x00000007011f09e8,0x000000070aa80000)
 PSPermGen       total 21504K, used 16277K [0x00000006fae00000, 0x00000006fc300000, 0x0000000700000000)
  object space 21504K, 75% used [0x00000006fae00000,0x00000006fbde5640,0x00000006fc300000)
Event: 14153.063 GC heap after
Heap after GC invocations=11 (full 0):
 PSYoungGen      total 61952K, used 4507K [0x00000007aaa80000, 0x00000007b0280000, 0x0000000800000000)
  eden space 57344K, 0% used [0x00000007aaa80000,0x00000007aaa80000,0x00000007ae280000)
  from space 4608K, 97% used [0x00000007ae380000,0x00000007ae7e6c28,0x00000007ae800000)
  to   space 16384K, 0% used [0x00000007af280000,0x00000007af280000,0x00000007b0280000)
 ParOldGen       total 174592K, used 24915K [0x0000000700000000, 0x000000070aa80000, 0x00000007aaa80000)
  object space 174592K, 14% used [0x0000000700000000,0x0000000701854ef8,0x000000070aa80000)
 PSPermGen       total 21504K, used 16277K [0x00000006fae00000, 0x00000006fc300000, 0x0000000700000000)
  object space 21504K, 75% used [0x00000006fae00000,0x00000006fbde5640,0x00000006fc300000)
}
Event: 144591.111 GC heap before
{Heap before GC invocations=12 (full 0):
 PSYoungGen      total 61952K, used 60108K [0x00000007aaa80000, 0x00000007b0280000, 0x0000000800000000)
  eden space 57344K, 96% used [0x00000007aaa80000,0x00000007ae0cc5e8,0x00000007ae280000)
  from space 4608K, 97% used [0x00000007ae380000,0x00000007ae7e6c28,0x00000007ae800000)
  to   space 16384K, 0% used [0x00000007af280000,0x00000007af280000,0x00000007b0280000)
 ParOldGen       total 174592K, used 24915K [0x0000000700000000, 0x000000070aa80000, 0x00000007aaa80000)
  object space 174592K, 14% used [0x0000000700000000,0x0000000701854ef8,0x000000070aa80000)
 PSPermGen       total 21504K, used 16286K [0x00000006fae00000, 0x00000006fc300000, 0x0000000700000000)
  object space 21504K, 75% used [0x00000006fae00000,0x00000006fbde7a00,0x00000006fc300000)
Event: 144591.289 GC heap after
Heap after GC invocations=12 (full 0):
 PSYoungGen      total 71680K, used 16362K [0x00000007aaa80000, 0x00000007b0580000, 0x0000000800000000)
  eden space 55296K, 0% used [0x00000007aaa80000,0x00000007aaa80000,0x00000007ae080000)
  from space 16384K, 99% used [0x00000007af280000,0x00000007b027a990,0x00000007b0280000)
  to   space 18432K, 0% used [0x00000007ae080000,0x00000007ae080000,0x00000007af280000)
 ParOldGen       total 174592K, used 28111K [0x0000000700000000, 0x000000070aa80000, 0x00000007aaa80000)
  object space 174592K, 16% used [0x0000000700000000,0x0000000701b73f58,0x000000070aa80000)
 PSPermGen       total 21504K, used 16286K [0x00000006fae00000, 0x00000006fc300000, 0x0000000700000000)
  object space 21504K, 75% used [0x00000006fae00000,0x00000006fbde7a00,0x00000006fc300000)
}
Event: 161321.113 GC heap before
{Heap before GC invocations=13 (full 0):
 PSYoungGen      total 71680K, used 69723K [0x00000007aaa80000, 0x00000007b0580000, 0x0000000800000000)
  eden space 55296K, 96% used [0x00000007aaa80000,0x00000007ade9c280,0x00000007ae080000)
  from space 16384K, 99% used [0x00000007af280000,0x00000007b027a990,0x00000007b0280000)
  to   space 18432K, 0% used [0x00000007ae080000,0x00000007ae080000,0x00000007af280000)
 ParOldGen       total 174592K, used 28111K [0x0000000700000000, 0x000000070aa80000, 0x00000007aaa80000)
  object space 174592K, 16% used [0x0000000700000000,0x0000000701b73f58,0x000000070aa80000)
 PSPermGen       total 21504K, used 16286K [0x00000006fae00000, 0x00000006fc300000, 0x0000000700000000)
  object space 21504K, 75% used [0x00000006fae00000,0x00000006fbde7a00,0x00000006fc300000)
Event: 161321.125 GC heap after
Heap after GC invocations=13 (full 0):
 PSYoungGen      total 64000K, used 9238K [0x00000007aaa80000, 0x00000007b0280000, 0x0000000800000000)
  eden space 54272K, 0% used [0x00000007aaa80000,0x00000007aaa80000,0x00000007adf80000)
  from space 9728K, 94% used [0x00000007ae080000,0x00000007ae985820,0x00000007aea00000)
  to   space 17920K, 0% used [0x00000007af100000,0x00000007af100000,0x00000007b0280000)
 ParOldGen       total 174592K, used 41290K [0x0000000700000000, 0x000000070aa80000, 0x00000007aaa80000)
  object space 174592K, 23% used [0x0000000700000000,0x00000007028529c8,0x000000070aa80000)
 PSPermGen       total 21504K, used 16286K [0x00000006fae00000, 0x00000006fc300000, 0x0000000700000000)
  object space 21504K, 75% used [0x00000006fae00000,0x00000006fbde7a00,0x00000006fc300000)
}

