# JRE version: Java(TM) SE Runtime Environment (7.0_80-b15) (build 1.7.0_80-b15)
# Java VM: Java HotSpot(TM) 64-Bit Server VM (24.80-b11 mixed mode bsd-amd64 compressed oops)
Heap
 PSYoungGen      total 76800K, used 14625K [0x00000007aaa80000, 0x00000007b0000000, 0x0000000800000000)
  eden space 66048K, 5% used [0x00000007aaa80000,0x00000007aae49618,0x00000007aeb00000)
  from space 10752K, 99% used [0x00000007af580000,0x00000007affff050,0x00000007b0000000)
  to   space 10752K, 0% used [0x00000007aeb00000,0x00000007aeb00000,0x00000007af580000)
 ParOldGen       total 174592K, used 17953K [0x0000000700000000, 0x000000070aa80000, 0x00000007aaa80000)
  object space 174592K, 10% used [0x0000000700000000,0x0000000701188610,0x000000070aa80000)
 PSPermGen       total 21504K, used 15479K [0x00000006fae00000, 0x00000006fc300000, 0x0000000700000000)
  object space 21504K, 71% used [0x00000006fae00000,0x00000006fbd1de00,0x00000006fc300000)
GC Heap History (4 events):
Event: 36.195 GC heap before
{Heap before GC invocations=1 (full 0):
 PSYoungGen      total 76800K, used 66048K [0x00000007aaa80000, 0x00000007b0000000, 0x0000000800000000)
  eden space 66048K, 100% used [0x00000007aaa80000,0x00000007aeb00000,0x00000007aeb00000)
  from space 10752K, 0% used [0x00000007af580000,0x00000007af580000,0x00000007b0000000)
  to   space 10752K, 0% used [0x00000007aeb00000,0x00000007aeb00000,0x00000007af580000)
 ParOldGen       total 174592K, used 0K [0x0000000700000000, 0x000000070aa80000, 0x00000007aaa80000)
  object space 174592K, 0% used [0x0000000700000000,0x0000000700000000,0x000000070aa80000)
 PSPermGen       total 21504K, used 15202K [0x00000006fae00000, 0x00000006fc300000, 0x0000000700000000)
  object space 21504K, 70% used [0x00000006fae00000,0x00000006fbcd8968,0x00000006fc300000)
Event: 36.204 GC heap after
Heap after GC invocations=1 (full 0):
 PSYoungGen      total 76800K, used 9079K [0x00000007aaa80000, 0x00000007b0000000, 0x0000000800000000)
  eden space 66048K, 0% used [0x00000007aaa80000,0x00000007aaa80000,0x00000007aeb00000)
  from space 10752K, 84% used [0x00000007aeb00000,0x00000007af3ddcc0,0x00000007af580000)
  to   space 10752K, 0% used [0x00000007af580000,0x00000007af580000,0x00000007b0000000)
 ParOldGen       total 174592K, used 5936K [0x0000000700000000, 0x000000070aa80000, 0x00000007aaa80000)
  object space 174592K, 3% used [0x0000000700000000,0x00000007005cc020,0x000000070aa80000)
 PSPermGen       total 21504K, used 15202K [0x00000006fae00000, 0x00000006fc300000, 0x0000000700000000)
  object space 21504K, 70% used [0x00000006fae00000,0x00000006fbcd8968,0x00000006fc300000)
}
Event: 53524.680 GC heap before
{Heap before GC invocations=2 (full 0):
 PSYoungGen      total 76800K, used 74361K [0x00000007aaa80000, 0x00000007b0000000, 0x0000000800000000)
  eden space 66048K, 98% used [0x00000007aaa80000,0x00000007aea409a8,0x00000007aeb00000)
  from space 10752K, 84% used [0x00000007aeb00000,0x00000007af3ddcc0,0x00000007af580000)
  to   space 10752K, 0% used [0x00000007af580000,0x00000007af580000,0x00000007b0000000)
 ParOldGen       total 174592K, used 5936K [0x0000000700000000, 0x000000070aa80000, 0x00000007aaa80000)
  object space 174592K, 3% used [0x0000000700000000,0x00000007005cc020,0x000000070aa80000)
 PSPermGen       total 21504K, used 15479K [0x00000006fae00000, 0x00000006fc300000, 0x0000000700000000)
  object space 21504K, 71% used [0x00000006fae00000,0x00000006fbd1de00,0x00000006fc300000)
Event: 53524.729 GC heap after
Heap after GC invocations=2 (full 0):
 PSYoungGen      total 76800K, used 10748K [0x00000007aaa80000, 0x00000007b0000000, 0x0000000800000000)
  eden space 66048K, 0% used [0x00000007aaa80000,0x00000007aaa80000,0x00000007aeb00000)
  from space 10752K, 99% used [0x00000007af580000,0x00000007affff050,0x00000007b0000000)
  to   space 10752K, 0% used [0x00000007aeb00000,0x00000007aeb00000,0x00000007af580000)
 ParOldGen       total 174592K, used 17953K [0x0000000700000000, 0x000000070aa80000, 0x00000007aaa80000)
  object space 174592K, 10% used [0x0000000700000000,0x0000000701188610,0x000000070aa80000)
 PSPermGen       total 21504K, used 15479K [0x00000006fae00000, 0x00000006fc300000, 0x0000000700000000)
  object space 21504K, 71% used [0x00000006fae00000,0x00000006fbd1de00,0x00000006fc300000)
}

